<?xml version="1.0" encoding="UTF-8"?>
<testsuite name="com.training.api.runners.TestRunner" tests="0" skipped="0" failures="0" errors="0" timestamp="1970-01-01T00:00:00" hostname="LAPTOP-3GDBUON0" time="0.0">
  <properties/>
  <system-out><![CDATA[11:25:39.954 [Test worker] DEBUG net.thucydides.core.util.PropertiesFileLocalPreferences - webdriver.remote.url=http://localhost:4445/wd/hub
11:25:39.969 [Test worker] DEBUG net.thucydides.core.util.PropertiesFileLocalPreferences - environments.stg.rest.base.url=http://localhost:8080/api/v3/
11:25:39.969 [Test worker] DEBUG net.thucydides.core.util.PropertiesFileLocalPreferences - drivers.linux.webdriver.gecko.driver=src/test/resources/webdriver/linux/geckodriver
11:25:39.969 [Test worker] DEBUG net.thucydides.core.util.PropertiesFileLocalPreferences - drivers.windows.webdriver.chrome.driver=src/test/resources/webdriver/windows/chromedriver.exe
11:25:39.970 [Test worker] DEBUG net.thucydides.core.util.PropertiesFileLocalPreferences - environments.stg.rest.store.path.inventory=store/inventory
11:25:39.970 [Test worker] DEBUG net.thucydides.core.util.PropertiesFileLocalPreferences - serenity.project.name=com.training.api
11:25:39.970 [Test worker] DEBUG net.thucydides.core.util.PropertiesFileLocalPreferences - environments.dev.rest.store.path.inventory=store/inventory
11:25:39.970 [Test worker] DEBUG net.thucydides.core.util.PropertiesFileLocalPreferences - drivers.mac.webdriver.chrome.driver=src/test/resources/webdriver/mac/chromedriver
11:25:39.970 [Test worker] DEBUG net.thucydides.core.util.PropertiesFileLocalPreferences - environments.dev.rest.store.path.order=store/order
11:25:39.971 [Test worker] DEBUG net.thucydides.core.util.PropertiesFileLocalPreferences - environments.default.rest.store.path.inventory=store/inventory
11:25:39.971 [Test worker] DEBUG net.thucydides.core.util.PropertiesFileLocalPreferences - drivers.linux.webdriver.chrome.driver=src/test/resources/webdriver/linux/chromedriver
11:25:39.971 [Test worker] DEBUG net.thucydides.core.util.PropertiesFileLocalPreferences - enable.markdown=story narrative scenario step
11:25:39.971 [Test worker] DEBUG net.thucydides.core.util.PropertiesFileLocalPreferences - environments.default.rest.store.path.order=store/order
11:25:39.972 [Test worker] DEBUG net.thucydides.core.util.PropertiesFileLocalPreferences - drivers.windows.webdriver.gecko.driver=src/test/resources/webdriver/windows/geckodriver.exe
11:25:39.972 [Test worker] DEBUG net.thucydides.core.util.PropertiesFileLocalPreferences - feature.file.encoding=iso-8859-1
11:25:39.973 [Test worker] DEBUG net.thucydides.core.util.PropertiesFileLocalPreferences - webdriver.driver=remote
11:25:39.973 [Test worker] DEBUG net.thucydides.core.util.PropertiesFileLocalPreferences - drivers.mac.webdriver.gecko.driver=src/test/resources/webdriver/mac/geckodriver
11:25:39.973 [Test worker] DEBUG net.thucydides.core.util.PropertiesFileLocalPreferences - serenity.logging=VERBOSE
11:25:39.973 [Test worker] DEBUG net.thucydides.core.util.PropertiesFileLocalPreferences - environments.default.rest.base.url=http://localhost:8080/api/v3/
11:25:39.973 [Test worker] DEBUG net.thucydides.core.util.PropertiesFileLocalPreferences - serenity.include.actor.name.in.consequences=true
11:25:39.974 [Test worker] DEBUG net.thucydides.core.util.PropertiesFileLocalPreferences - environments.dev.rest.base.url=http://localhost:8080/api/v3/
11:25:39.975 [Test worker] DEBUG net.thucydides.core.util.PropertiesFileLocalPreferences - environments.stg.rest.store.path.order=store/order
11:25:39.975 [Test worker] DEBUG net.thucydides.core.util.PropertiesFileLocalPreferences - headless.mode=true
11:25:40.850 [Test worker] INFO io.cucumber.core.plugin.SerenityReporter - Running feature from file:///C:/Users/Hacko/OneDrive/Documentos/SeleniumGrid/SerenityBase/src/test/resources/features/store.feature
11:25:41.232 [Test worker] DEBUG net.thucydides.core.util.PropertiesFileLocalPreferences - webdriver.remote.url=http://localhost:4445/wd/hub
11:25:41.232 [Test worker] DEBUG net.thucydides.core.util.PropertiesFileLocalPreferences - environments.stg.rest.base.url=http://localhost:8080/api/v3/
11:25:41.232 [Test worker] DEBUG net.thucydides.core.util.PropertiesFileLocalPreferences - drivers.linux.webdriver.gecko.driver=src/test/resources/webdriver/linux/geckodriver
11:25:41.232 [Test worker] DEBUG net.thucydides.core.util.PropertiesFileLocalPreferences - drivers.windows.webdriver.chrome.driver=src/test/resources/webdriver/windows/chromedriver.exe
11:25:41.232 [Test worker] DEBUG net.thucydides.core.util.PropertiesFileLocalPreferences - environments.stg.rest.store.path.inventory=store/inventory
11:25:41.233 [Test worker] DEBUG net.thucydides.core.util.PropertiesFileLocalPreferences - serenity.project.name=com.training.api
11:25:41.233 [Test worker] DEBUG net.thucydides.core.util.PropertiesFileLocalPreferences - environments.dev.rest.store.path.inventory=store/inventory
11:25:41.233 [Test worker] DEBUG net.thucydides.core.util.PropertiesFileLocalPreferences - drivers.mac.webdriver.chrome.driver=src/test/resources/webdriver/mac/chromedriver
11:25:41.233 [Test worker] DEBUG net.thucydides.core.util.PropertiesFileLocalPreferences - environments.dev.rest.store.path.order=store/order
11:25:41.234 [Test worker] DEBUG net.thucydides.core.util.PropertiesFileLocalPreferences - environments.default.rest.store.path.inventory=store/inventory
11:25:41.234 [Test worker] DEBUG net.thucydides.core.util.PropertiesFileLocalPreferences - drivers.linux.webdriver.chrome.driver=src/test/resources/webdriver/linux/chromedriver
11:25:41.234 [Test worker] DEBUG net.thucydides.core.util.PropertiesFileLocalPreferences - enable.markdown=story narrative scenario step
11:25:41.234 [Test worker] DEBUG net.thucydides.core.util.PropertiesFileLocalPreferences - environments.default.rest.store.path.order=store/order
11:25:41.234 [Test worker] DEBUG net.thucydides.core.util.PropertiesFileLocalPreferences - drivers.windows.webdriver.gecko.driver=src/test/resources/webdriver/windows/geckodriver.exe
11:25:41.234 [Test worker] DEBUG net.thucydides.core.util.PropertiesFileLocalPreferences - feature.file.encoding=iso-8859-1
11:25:41.234 [Test worker] DEBUG net.thucydides.core.util.PropertiesFileLocalPreferences - webdriver.driver=remote
11:25:41.234 [Test worker] DEBUG net.thucydides.core.util.PropertiesFileLocalPreferences - drivers.mac.webdriver.gecko.driver=src/test/resources/webdriver/mac/geckodriver
11:25:41.235 [Test worker] DEBUG net.thucydides.core.util.PropertiesFileLocalPreferences - serenity.logging=VERBOSE
11:25:41.235 [Test worker] DEBUG net.thucydides.core.util.PropertiesFileLocalPreferences - environments.default.rest.base.url=http://localhost:8080/api/v3/
11:25:41.235 [Test worker] DEBUG net.thucydides.core.util.PropertiesFileLocalPreferences - serenity.include.actor.name.in.consequences=true
11:25:41.235 [Test worker] DEBUG net.thucydides.core.util.PropertiesFileLocalPreferences - environments.dev.rest.base.url=http://localhost:8080/api/v3/
11:25:41.235 [Test worker] DEBUG net.thucydides.core.util.PropertiesFileLocalPreferences - environments.stg.rest.store.path.order=store/order
11:25:41.235 [Test worker] DEBUG net.thucydides.core.util.PropertiesFileLocalPreferences - headless.mode=true
11:25:41.246 [Test worker] INFO  - 

-------------------------------------------------------------------------------------
     _______. _______ .______       _______ .__   __.  __  .___________.____    ____ 
    /       ||   ____||   _  \     |   ____||  \ |  | |  | |           |\   \  /   / 
   |   (----`|  |__   |  |_)  |    |  |__   |   \|  | |  | `---|  |----` \   \/   /  
    \   \    |   __|  |      /     |   __|  |  . `  | |  |     |  |       \_    _/   
.----)   |   |  |____ |  |\  \----.|  |____ |  |\   | |  |     |  |         |  |     
|_______/    |_______|| _| `._____||_______||__| \__| |__|     |__|         |__|    
                                                                                     
 News and tutorials at http://www.serenity-bdd.info                                  
 Documentation at https://wakaleo.gitbooks.io/the-serenity-book/content/             
 Join the Serenity Community on Gitter: https://gitter.im/serenity-bdd/serenity-core 
 Serenity BDD Support and Training at http://serenity-bdd.info/#/trainingandsupport  
-------------------------------------------------------------------------------------

11:25:41.252 [Test worker] DEBUG net.thucydides.core.steps.StepEventBus - Test suite started for story net.thucydides.core.model.Story@b3253628
11:25:41.263 [Test worker] INFO  - Test Suite Started: Store

1 Scenarios (?[32m1 passed?[0m)
3 Steps (?[32m3 passed?[0m)
0m15.495s


11:25:56.343 [Test worker] DEBUG net.thucydides.core.reports.ReportService - Reporting formats: [JSON, HTML]
11:25:56.534 [Test worker] DEBUG net.thucydides.core.reports.ReportService - Reporting formats: [JSON, HTML]
11:25:56.553 [Test worker] DEBUG net.thucydides.core.reports.ReportService - Generating reports for 1 test outcomes using: net.thucydides.core.reports.json.JSONTestOutcomeReporter@2c51990f
11:25:56.556 [pool-1-thread-1] DEBUG net.thucydides.core.reports.ReportService - Processing test outcome Store:Buscar en Google 2
11:25:56.557 [pool-1-thread-1] DEBUG net.thucydides.core.reports.ReportService - net.thucydides.core.reports.json.JSONTestOutcomeReporter@2c51990f: Generating report for test outcome: Store:Buscar en Google 2
11:25:56.564 [pool-1-thread-1] DEBUG net.thucydides.core.reports.json.JSONTestOutcomeReporter - Generating JSON report for Buscar en Google 2 to file C:\Users\Hacko\OneDrive\Documentos\SeleniumGrid\SerenityBase\target\site\serenity\7d73d3f3c795d0f32001a515fcc2b402b038e963b526f26fe89ca0e446eaa72c.json (using temp file C:\Users\Hacko\OneDrive\Documentos\SeleniumGrid\SerenityBase\target\site\serenity\7d73d3f3c795d0f32001a515fcc2b402b038e963b526f26fe89ca0e446eaa72c.json7aec362b-d98a-40f7-9cdd-030efad3cf40)
11:25:56.604 [pool-1-thread-1] DEBUG net.thucydides.core.reports.ReportService - Processing test outcome Store:Buscar en Google 2 done
11:25:56.604 [Test worker] DEBUG net.thucydides.core.reports.ReportService - Shutting down executor service
11:25:56.604 [Test worker] DEBUG net.thucydides.core.reports.ReportService - Reports generated in: 51 ms
11:25:56.604 [Test worker] DEBUG net.thucydides.core.reports.ReportService - Generating reports for 1 test outcomes using: net.thucydides.core.reports.html.HtmlAcceptanceTestReporter@2b23e3d8
11:25:56.605 [pool-2-thread-1] DEBUG net.thucydides.core.reports.ReportService - Processing test outcome Store:Buscar en Google 2
11:25:56.605 [pool-2-thread-1] DEBUG net.thucydides.core.reports.ReportService - net.thucydides.core.reports.html.HtmlAcceptanceTestReporter@2b23e3d8: Generating report for test outcome: Store:Buscar en Google 2
11:25:56.606 [pool-2-thread-1] DEBUG net.thucydides.core.reports.html.HtmlAcceptanceTestReporter - GENERATE TEST OUTCOME REPORT FOR Buscar en Google 2 in 7d73d3f3c795d0f32001a515fcc2b402b038e963b526f26fe89ca0e446eaa72c
11:25:56.649 [pool-2-thread-1] DEBUG net.thucydides.core.requirements.model.cucumber.CucumberParser - Added feature Store
11:25:56.649 [pool-2-thread-1] DEBUG net.thucydides.core.requirements.RequirementsTagProvider -  found:[Requirement{name='Store', type='feature' parent = 'null', cardNumber='null'}]
11:25:56.655 [pool-2-thread-1] DEBUG net.thucydides.core.requirements.BaseRequirementsService - Requirement found for test outcome Buscar en Google 2-[]: Optional[Requirement{name='Store', type='feature' parent = 'null', cardNumber='null'}]
11:25:56.657 [pool-2-thread-1] DEBUG net.thucydides.core.requirements.BaseRequirementsService - Requirement found for test outcome Buscar en Google 2-[]: Optional[Requirement{name='Store', type='feature' parent = 'null', cardNumber='null'}]
11:25:56.669 [pool-2-thread-1] DEBUG net.thucydides.core.requirements.BaseRequirementsService - Requirement found for test outcome Buscar en Google 2-[]: Optional[Requirement{name='Store', type='feature' parent = 'null', cardNumber='null'}]
11:25:56.670 [pool-2-thread-1] DEBUG net.thucydides.core.requirements.BaseRequirementsService - Requirement found for test outcome Buscar en Google 2-[]: Optional[Requirement{name='Store', type='feature' parent = 'null', cardNumber='null'}]
11:25:56.847 [pool-2-thread-1] DEBUG net.thucydides.core.reports.html.HtmlAcceptanceTestReporter - Generating report in 7d73d3f3c795d0f32001a515fcc2b402b038e963b526f26fe89ca0e446eaa72c_screenshots.html
11:25:57.642 [pool-2-thread-1] DEBUG net.thucydides.core.reports.html.HtmlAcceptanceTestReporter - Generated report 7d73d3f3c795d0f32001a515fcc2b402b038e963b526f26fe89ca0e446eaa72c_screenshots.html in 795 ms
11:25:57.643 [pool-2-thread-1] DEBUG net.thucydides.core.reports.html.HtmlAcceptanceTestReporter - GENERATING HTML REPORT FOR Store:Buscar en Google 2 in 7d73d3f3c795d0f32001a515fcc2b402b038e963b526f26fe89ca0e446eaa72c.html in directory C:\Users\Hacko\OneDrive\Documentos\SeleniumGrid\SerenityBase\target\site\serenity  
11:25:58.219 [pool-2-thread-1] DEBUG net.thucydides.core.reports.html.HtmlAcceptanceTestReporter - Generating report in 7d73d3f3c795d0f32001a515fcc2b402b038e963b526f26fe89ca0e446eaa72c.html
11:25:58.353 [pool-2-thread-1] DEBUG net.thucydides.core.reports.html.HtmlAcceptanceTestReporter - Generated report 7d73d3f3c795d0f32001a515fcc2b402b038e963b526f26fe89ca0e446eaa72c.html in 134 ms
11:25:58.353 [pool-2-thread-1] DEBUG net.thucydides.core.reports.ReportService - Processing test outcome Store:Buscar en Google 2 done
11:25:58.353 [Test worker] DEBUG net.thucydides.core.reports.ReportService - Shutting down executor service
11:25:58.353 [Test worker] DEBUG net.thucydides.core.reports.ReportService - Reports generated in: 1748 ms
11:25:58.667 [Test worker] DEBUG net.serenitybdd.core.photography.Darkroom - Closing darkroom
11:25:58.667 [Darkroom Processing Line] DEBUG net.serenitybdd.core.photography.DarkroomProcessingLine - Darkroom processing line shutting down
]]></system-out>
  <system-err><![CDATA[log4j:WARN No appenders could be found for logger (freemarker.cache).
log4j:WARN Please initialize the log4j system properly.
log4j:WARN See http://logging.apache.org/log4j/1.2/faq.html#noconfig for more info.
]]></system-err>
</testsuite>
