<?xml version="1.0" encoding="UTF-8"?>
<testsuite name="Store" tests="5" skipped="0" failures="0" errors="0" timestamp="2021-07-08T20:36:13" hostname="ip-192-168-0-13.us-east-2.compute.internal" time="3.279">
  <properties/>
  <testcase name="Returns pet inventories by status" classname="Store" time="2.612"/>
  <testcase name="view inventory impact" classname="Store" time="0.472"/>
  <testcase name="create order" classname="Store" time="0.077"/>
  <testcase name="Find order" classname="Store" time="0.056"/>
  <testcase name="Delete order" classname="Store" time="0.062"/>
  <system-out><![CDATA[
@store @inventory
Scenario: Returns pet inventories by status                         ?[90m# src/test/resources/features/store.feature:6?[0m
Feature from file:///Users/brayan.martinez/Downloads/Yellow/API/ApiTestSwagerDemo/src/test/resources/features/store.feature
  ?[32mGiven ?[0m?[32m?[0m?[32m?[1mJhon?[0m?[32m needs to manage his pet inventory?[0m                      ?[90m# com.training.api.stepdefinitions.CommonStep.<init>(CommonStep.java:11)?[0m
  ?[32mWhen ?[0m?[32mrequests to get his inventory?[0m                                ?[90m# com.training.api.stepdefinitions.StoreStepDefinition.<init>(StoreStepDefinition.java:30)?[0m
  ?[32mThen ?[0m?[32myou will be informed of the current status of orders recived?[0m ?[90m# com.training.api.stepdefinitions.StoreStepDefinition.<init>(StoreStepDefinition.java:43)?[0m

@store @e2eInventory
Scenario Outline: view inventory impact                                               ?[90m# src/test/resources/features/store.feature:21?[0m
Feature from file:///Users/brayan.martinez/Downloads/Yellow/API/ApiTestSwagerDemo/src/test/resources/features/store.feature
  ?[32mGiven ?[0m?[32m?[0m?[32m?[1mJohn?[0m?[32m needs to manage his pet inventory?[0m                                        ?[90m# com.training.api.stepdefinitions.CommonStep.<init>(CommonStep.java:11)?[0m
  ?[32mWhen ?[0m?[32mrequests to get his inventory?[0m                                                  ?[90m# com.training.api.stepdefinitions.StoreStepDefinition.<init>(StoreStepDefinition.java:30)?[0m
Step argument class io.cucumber.core.gherkin.vintage.GherkinVintageDataTableArgument
  ?[32mWhen ?[0m?[32mrequest to create a an order?[0m                                                   ?[90m# com.training.api.stepdefinitions.StoreStepDefinition.<init>(StoreStepDefinition.java:64)?[0m
  ?[32mThen ?[0m?[32mthe number of approved must be greater than those who were initially consulted?[0m ?[90m# com.training.api.stepdefinitions.StoreStepDefinition.<init>(StoreStepDefinition.java:49)?[0m

@store @create
Scenario Outline: create order                 ?[90m# src/test/resources/features/store.feature:32?[0m
Feature from file:///Users/brayan.martinez/Downloads/Yellow/API/ApiTestSwagerDemo/src/test/resources/features/store.feature
  ?[32mGiven ?[0m?[32m?[0m?[32m?[1mJhon?[0m?[32m needs to manage his pet inventory?[0m ?[90m# com.training.api.stepdefinitions.CommonStep.<init>(CommonStep.java:11)?[0m
Step argument class io.cucumber.core.gherkin.vintage.GherkinVintageDataTableArgument
  ?[32mWhen ?[0m?[32mrequest to create a an order?[0m            ?[90m# com.training.api.stepdefinitions.StoreStepDefinition.<init>(StoreStepDefinition.java:64)?[0m
  ?[32mThen ?[0m?[32mthe order is created correctly?[0m          ?[90m# com.training.api.stepdefinitions.StoreStepDefinition.<init>(StoreStepDefinition.java:71)?[0m

@store @find
Scenario: Find order                           ?[90m# src/test/resources/features/store.feature:35?[0m
Feature from file:///Users/brayan.martinez/Downloads/Yellow/API/ApiTestSwagerDemo/src/test/resources/features/store.feature
  ?[32mGiven ?[0m?[32m?[0m?[32m?[1mJhon?[0m?[32m needs to manage his pet inventory?[0m ?[90m# com.training.api.stepdefinitions.CommonStep.<init>(CommonStep.java:11)?[0m
  ?[32mWhen ?[0m?[32mrequest to find the order ?[0m?[32m?[1m2?[0m             ?[90m# com.training.api.stepdefinitions.StoreStepDefinition.<init>(StoreStepDefinition.java:87)?[0m
  ?[32mThen ?[0m?[32mthe system get to order?[0m                 ?[90m# com.training.api.stepdefinitions.StoreStepDefinition.<init>(StoreStepDefinition.java:93)?[0m

@store @delete
Scenario Outline: Delete order                 ?[90m# src/test/resources/features/store.feature:47?[0m
Feature from file:///Users/brayan.martinez/Downloads/Yellow/API/ApiTestSwagerDemo/src/test/resources/features/store.feature
  ?[32mGiven ?[0m?[32m?[0m?[32m?[1mJhon?[0m?[32m needs to manage his pet inventory?[0m ?[90m# com.training.api.stepdefinitions.CommonStep.<init>(CommonStep.java:11)?[0m
  ?[32mWhen ?[0m?[32mrequest to delete the order ?[0m?[32m?[1m1?[0m           ?[90m# com.training.api.stepdefinitions.StoreStepDefinition.<init>(StoreStepDefinition.java:99)?[0m
  ?[32mThen ?[0m?[32mthe system delete to order?[0m              ?[90m# com.training.api.stepdefinitions.StoreStepDefinition.<init>(StoreStepDefinition.java:105)?[0m
]]></system-out>
  <system-err><![CDATA[[Test worker] INFO  - 
 _____ _____ ____ _____   ____ _____  _    ____ _____ _____ ____  
|_   _| ____/ ___|_   _| / ___|_   _|/ \  |  _ \_   _| ____|  _ \ 
  | | |  _| \___ \ | |   \___ \ | | / _ \ | |_) || | |  _| | | | |
  | | | |___ ___) || |    ___) || |/ ___ \|  _ < | | | |___| |_| |
  |_| |_____|____/ |_|   |____/ |_/_/   \_\_| \_\|_| |_____|____/ 

Returns pet inventories by status(store;returns-pet-inventories-by-status)
-------------------------------------------------------------------
[Test worker] INFO  -    * Given Jhon needs to manage his pet inventory
[Test worker] INFO  -    * When requests to get his inventory
[Test worker] INFO  -      * Jhon get inventory
[Test worker] INFO  -        * Jhon executes a GET on the resource store/inventory
[Test worker] INFO  -      * For Jhon: Then inventory approval should be 'true'
[Test worker] INFO  -    * Then you will be informed of the current status of orders recived
[Test worker] INFO  -      * For Jhon: The process was successful
[Test worker] INFO  - 
        __    _____ _____ ____ _____   ____   _    ____  ____  _____ ____  
  _     \ \  |_   _| ____/ ___|_   _| |  _ \ / \  / ___|/ ___|| ____|  _ \ 
 (_)_____| |   | | |  _| \___ \ | |   | |_) / _ \ \___ \\___ \|  _| | | | |
  _|_____| |   | | | |___ ___) || |   |  __/ ___ \ ___) |___) | |___| |_| |
 (_)     | |   |_| |_____|____/ |_|   |_| /_/   \_\____/|____/|_____|____/ 
        /_/                                                                

Returns pet inventories by status
----------------------------------------------------------------------------
[Test worker] INFO  - 
 _____ _____ ____ _____   ____ _____  _    ____ _____ _____ ____  
|_   _| ____/ ___|_   _| / ___|_   _|/ \  |  _ \_   _| ____|  _ \ 
  | | |  _| \___ \ | |   \___ \ | | / _ \ | |_) || | |  _| | | | |
  | | | |___ ___) || |    ___) || |/ ___ \|  _ < | | | |___| |_| |
  |_| |_____|____/ |_|   |____/ |_/_/   \_\_| \_\|_| |_____|____/ 

view inventory impact(store;view-inventory-impact)
-------------------------------------------------------------------
[Test worker] INFO  -    * Example: {petId=198772, quantity=7, status=approved, complete=true}
[Test worker] INFO  -      * Given John needs to manage his pet inventory
[Test worker] INFO  -      * When requests to get his inventory
[Test worker] INFO  -        * John get inventory
[Test worker] INFO  -          * John executes a GET on the resource store/inventory
[Test worker] INFO  -        * For John: Then inventory approval should be 'true'
[Test worker] INFO  -      * When request to create a an order
| petId | quantity | status | complete |
| 198772 | 7 | approved | true |
[Test worker] INFO  -        * John create order
[Test worker] INFO  -          * John executes a POST on the resource store/order
[Test worker] INFO  -      * Then the number of approved must be greater than those who were initially consulted
[Test worker] INFO  -        * John get inventory
[Test worker] INFO  -          * John executes a GET on the resource store/inventory
[Test worker] INFO  -        * For John: The process was successful
[Test worker] INFO  -        * For John: Then inventory modificated should be 'true'
[Test worker] INFO  - 
        __    _____ _____ ____ _____   ____   _    ____  ____  _____ ____  
  _     \ \  |_   _| ____/ ___|_   _| |  _ \ / \  / ___|/ ___|| ____|  _ \ 
 (_)_____| |   | | |  _| \___ \ | |   | |_) / _ \ \___ \\___ \|  _| | | | |
  _|_____| |   | | | |___ ___) || |   |  __/ ___ \ ___) |___) | |___| |_| |
 (_)     | |   |_| |_____|____/ |_|   |_| /_/   \_\____/|____/|_____|____/ 
        /_/                                                                

view inventory impact
----------------------------------------------------------------------------
[Test worker] INFO  - 
 _____ _____ ____ _____   ____ _____  _    ____ _____ _____ ____  
|_   _| ____/ ___|_   _| / ___|_   _|/ \  |  _ \_   _| ____|  _ \ 
  | | |  _| \___ \ | |   \___ \ | | / _ \ | |_) || | |  _| | | | |
  | | | |___ ___) || |    ___) || |/ ___ \|  _ < | | | |___| |_| |
  |_| |_____|____/ |_|   |____/ |_/_/   \_\_| \_\|_| |_____|____/ 

create order(store;create-order)
-------------------------------------------------------------------
[Test worker] INFO  -    * Example: {petId=198772, quantity=7, status=approved, complete=true}
[Test worker] INFO  -      * Given Jhon needs to manage his pet inventory
[Test worker] INFO  -      * When request to create a an order
| petId | quantity | status | complete |
| 198772 | 7 | approved | true |
[Test worker] INFO  -        * Jhon create order
[Test worker] INFO  -          * Jhon executes a POST on the resource store/order
[Test worker] INFO  -      * Then the order is created correctly
[Test worker] INFO  -        * For Jhon: The creation process was successful
[Test worker] INFO  - 
        __    _____ _____ ____ _____   ____   _    ____  ____  _____ ____  
  _     \ \  |_   _| ____/ ___|_   _| |  _ \ / \  / ___|/ ___|| ____|  _ \ 
 (_)_____| |   | | |  _| \___ \ | |   | |_) / _ \ \___ \\___ \|  _| | | | |
  _|_____| |   | | | |___ ___) || |   |  __/ ___ \ ___) |___) | |___| |_| |
 (_)     | |   |_| |_____|____/ |_|   |_| /_/   \_\____/|____/|_____|____/ 
        /_/                                                                

create order
----------------------------------------------------------------------------
[Test worker] INFO  - 
 _____ _____ ____ _____   ____ _____  _    ____ _____ _____ ____  
|_   _| ____/ ___|_   _| / ___|_   _|/ \  |  _ \_   _| ____|  _ \ 
  | | |  _| \___ \ | |   \___ \ | | / _ \ | |_) || | |  _| | | | |
  | | | |___ ___) || |    ___) || |/ ___ \|  _ < | | | |___| |_| |
  |_| |_____|____/ |_|   |____/ |_/_/   \_\_| \_\|_| |_____|____/ 

Find order(store;find-order)
-------------------------------------------------------------------
[Test worker] INFO  -    * Given Jhon needs to manage his pet inventory
[Test worker] INFO  -    * When request to find the order 2
[Test worker] INFO  -      * Jhon find order
[Test worker] INFO  -        * Jhon executes a GET on the resource store/order/2
[Test worker] INFO  -    * Then the system get to order
[Test worker] INFO  -      * For Jhon: The process was successful
[Test worker] INFO  - 
        __    _____ _____ ____ _____   ____   _    ____  ____  _____ ____  
  _     \ \  |_   _| ____/ ___|_   _| |  _ \ / \  / ___|/ ___|| ____|  _ \ 
 (_)_____| |   | | |  _| \___ \ | |   | |_) / _ \ \___ \\___ \|  _| | | | |
  _|_____| |   | | | |___ ___) || |   |  __/ ___ \ ___) |___) | |___| |_| |
 (_)     | |   |_| |_____|____/ |_|   |_| /_/   \_\____/|____/|_____|____/ 
        /_/                                                                

Find order
----------------------------------------------------------------------------
[Test worker] INFO  - 
 _____ _____ ____ _____   ____ _____  _    ____ _____ _____ ____  
|_   _| ____/ ___|_   _| / ___|_   _|/ \  |  _ \_   _| ____|  _ \ 
  | | |  _| \___ \ | |   \___ \ | | / _ \ | |_) || | |  _| | | | |
  | | | |___ ___) || |    ___) || |/ ___ \|  _ < | | | |___| |_| |
  |_| |_____|____/ |_|   |____/ |_/_/   \_\_| \_\|_| |_____|____/ 

Delete order(store;delete-order)
-------------------------------------------------------------------
[Test worker] INFO  -    * Example: {id=1}
[Test worker] INFO  -      * Given Jhon needs to manage his pet inventory
[Test worker] INFO  -      * When request to delete the order 1
[Test worker] INFO  -        * Jhon delete order
[Test worker] INFO  -          * Jhon executes a DELETE on the resource store/order/1
[Test worker] INFO  -      * Then the system delete to order
[Test worker] INFO  -        * For Jhon: The process was successful
[Test worker] INFO  - 
        __    _____ _____ ____ _____   ____   _    ____  ____  _____ ____  
  _     \ \  |_   _| ____/ ___|_   _| |  _ \ / \  / ___|/ ___|| ____|  _ \ 
 (_)_____| |   | | |  _| \___ \ | |   | |_) / _ \ \___ \\___ \|  _| | | | |
  _|_____| |   | | | |___ ___) || |   |  __/ ___ \ ___) |___) | |___| |_| |
 (_)     | |   |_| |_____|____/ |_|   |_| /_/   \_\____/|____/|_____|____/ 
        /_/                                                                

Delete order
----------------------------------------------------------------------------
]]></system-err>
</testsuite>
